<?xml version="1.0" encoding="UTF-8"?>
<!-- Generated by org.testng.reporters.JUnitReportReporter -->
<testsuite hostname="skodarapid.lan" failures="0" tests="1" name="com.buggy.car.portals.tests.RegisterTest" time="1.608" errors="0" timestamp="2022-07-18T17:20:33 NZST" skipped="0">
  <testcase classname="com.buggy.car.portals.tests.RegisterTest" name="test_valid_register" time="1.608"/>
  <system-out/>
</testsuite> <!-- com.buggy.car.portals.tests.RegisterTest -->
