<?xml version="1.0" encoding="UTF-8"?>
<!-- Generated by org.testng.reporters.JUnitReportReporter -->
<testsuite hostname="skodarapid.lan" failures="0" tests="1" name="com.buggy.car.portals.tests.BuggyCarsVoteTest" time="17.518" errors="0" timestamp="2022-07-18T17:20:33 NZST" skipped="0">
  <testcase classname="com.buggy.car.portals.tests.BuggyCarsVoteTest" name="test_voting" time="17.518"/>
  <system-out/>
</testsuite> <!-- com.buggy.car.portals.tests.BuggyCarsVoteTest -->
