<?xml version="1.0" encoding="UTF-8"?>
<!-- Generated by org.testng.reporters.JUnitReportReporter -->
<testsuite hostname="skodarapid.lan" failures="0" tests="4" name="com.buggy.car.portals.tests.LoginTest" time="2.393" errors="0" timestamp="2022-07-08T10:54:39 NZST" skipped="0">
  <testcase classname="com.buggy.car.portals.tests.LoginTest" name="test_valid_login" time="1.242"/>
  <system-out/>
  <testcase classname="com.buggy.car.portals.tests.LoginTest" name="test_blank_username" time="0.270"/>
  <system-out/>
  <testcase classname="com.buggy.car.portals.tests.LoginTest" name="test_invalid_password" time="0.627"/>
  <system-out/>
  <testcase classname="com.buggy.car.portals.tests.LoginTest" name="test_invalid_username" time="0.254"/>
  <system-out/>
</testsuite> <!-- com.buggy.car.portals.tests.LoginTest -->
